<?xml version="1.0" encoding="UTF-8"?>
<!-- Generated by org.testng.reporters.JUnitReportReporter -->
<testsuite skipped="0" hostname="Sandeeps-MacBook-Air.local" name="com.qa.newtours.tests.RegistrationPageTests" tests="1" failures="0" timestamp="18 Nov 2019 07:50:10 GMT" time="8.671" errors="0">
  <testcase name="verifyUserRegistration" time="8.671" classname="com.qa.newtours.tests.RegistrationPageTests"/>
</testsuite> <!-- com.qa.newtours.tests.RegistrationPageTests -->
